<?xml version="1.0" encoding="UTF-8"?>
<!-- Generated by org.testng.reporters.JUnitReportReporter -->
<testsuite name="app.autoamtion.MavenAutomation.registrationPage.TC001_Verify_Login_Page" tests="1" time="10.014" ignored="0" failures="0" timestamp="14 Feb 2018 06:47:00 GMT" skipped="0" hostname="IND-AKhambad2" errors="0">
  <testcase name="verifyLoginPage" time="10.014" classname="app.autoamtion.MavenAutomation.registrationPage.TC001_Verify_Login_Page"/>
</testsuite> <!-- app.autoamtion.MavenAutomation.registrationPage.TC001_Verify_Login_Page -->
