<?xml version="1.0" encoding="UTF-8"?>
<!-- Generated by org.testng.reporters.JUnitReportReporter -->
<testsuite name="app.autoamtion.MavenAutomation.registrationPage.TC003_Leave_An_Impression" tests="1" time="8.459" ignored="0" failures="0" timestamp="22 Feb 2018 03:42:05 GMT" skipped="0" hostname="IND-AKhambad2" errors="0">
  <testcase name="LeaveImpression" time="8.459" classname="app.autoamtion.MavenAutomation.registrationPage.TC003_Leave_An_Impression"/>
</testsuite> <!-- app.autoamtion.MavenAutomation.registrationPage.TC003_Leave_An_Impression -->
