<?xml version="1.0" encoding="UTF-8"?>
<!-- Generated by org.testng.reporters.JUnitReportReporter -->
<testsuite name="app.autoamtion.MavenAutomation.registrationPage.TC002_Add_Goal_And_Perform_Actions_On_Goal" tests="2" time="21.913" ignored="0" failures="0" timestamp="21 Feb 2018 05:29:43 GMT" skipped="0" hostname="IND-AKhambad2" errors="0">
  <testcase name="VerifyAddedGoal" time="9.646" classname="app.autoamtion.MavenAutomation.registrationPage.TC002_Add_Goal_And_Perform_Actions_On_Goal"/>
  <testcase name="CreateNewGoal" time="12.267" classname="app.autoamtion.MavenAutomation.registrationPage.TC002_Add_Goal_And_Perform_Actions_On_Goal"/>
</testsuite> <!-- app.autoamtion.MavenAutomation.registrationPage.TC002_Add_Goal_And_Perform_Actions_On_Goal -->
