<?xml version="1.0" encoding="UTF-8"?>
<!-- Generated by org.testng.reporters.JUnitReportReporter -->
<testsuite name="app.autoamtion.MavenAutomation.Recruiting.Create_Template" tests="1" time="16.766" ignored="0" failures="0" timestamp="01 Feb 2018 13:08:42 GMT" skipped="0" hostname="IND-AKhambad2" errors="0">
  <testcase name="Template" time="16.766" classname="app.autoamtion.MavenAutomation.Recruiting.Create_Template"/>
</testsuite> <!-- app.autoamtion.MavenAutomation.Recruiting.Create_Template -->
