<?xml version="1.0" encoding="UTF-8"?>
<!-- Generated by org.testng.reporters.JUnitReportReporter -->
<testsuite name="app.autoamtion.MavenAutomation.Recruiting.Test_Job_Requisition_Template" tests="1" time="5.241" ignored="0" failures="0" timestamp="17 Jul 2018 14:22:47 GMT" skipped="0" hostname="IND-AKhambad2" errors="0">
  <testcase name="Template" time="5.241" classname="app.autoamtion.MavenAutomation.Recruiting.Test_Job_Requisition_Template"/>
</testsuite> <!-- app.autoamtion.MavenAutomation.Recruiting.Test_Job_Requisition_Template -->
