<?xml version="1.0" encoding="UTF-8"?>
<!-- Generated by org.testng.reporters.JUnitReportReporter -->
<testsuite name="app.autoamtion.MavenAutomation.registrationPage.API_Login_Test" tests="1" time="0.412" ignored="0" failures="0" timestamp="17 Jul 2018 14:22:47 GMT" skipped="0" hostname="IND-AKhambad2" errors="0">
  <testcase name="TestAPICreateGroup" time="0.412" classname="app.autoamtion.MavenAutomation.registrationPage.API_Login_Test"/>
</testsuite> <!-- app.autoamtion.MavenAutomation.registrationPage.API_Login_Test -->
